<?xml version="1.0" encoding="UTF-8"?>
<!-- Generated by org.testng.reporters.JUnitReportReporter -->
<testsuite skipped="0" hostname="LAPTOP-1RN3IOUD" name="TestCases.TwitterAPI" tests="1" failures="0" timestamp="13 Feb 2019 17:57:13 GMT" time="7.811" errors="0">
  <testcase name="tc01" time="7.811" classname="TestCases.TwitterAPI"/>
</testsuite> <!-- TestCases.TwitterAPI -->
