<?xml version="1.0" encoding="UTF-8"?>
<!-- Generated by org.testng.reporters.JUnitReportReporter -->
<testsuite skipped="0" hostname="LAPTOP-1RN3IOUD" name="TestCases.TwitterAPI" tests="1" failures="0" timestamp="20 Apr 2019 10:38:54 GMT" time="4.825" errors="0">
  <testcase name="tc01" time="4.825" classname="TestCases.TwitterAPI"/>
</testsuite> <!-- TestCases.TwitterAPI -->
