<?xml version="1.0" encoding="UTF-8"?>
<!-- Generated by org.testng.reporters.JUnitReportReporter -->
<testsuite skipped="0" hostname="LAPTOP-1RN3IOUD" name="TestCases.TwitterAPI" tests="1" failures="0" timestamp="18 Feb 2019 18:49:22 GMT" time="5.027" errors="0">
  <testcase name="tc01" time="5.027" classname="TestCases.TwitterAPI"/>
</testsuite> <!-- TestCases.TwitterAPI -->
